app/build/intermediates/manifest_merge_blame_file/debug/manifest-merger-blame-debug-report.txt
1<?xml version="1.0" encoding="utf-8"?>
2<manifest xmlns:android="http://schemas.android.com/apk/res/android"
3    package="com.pdg.WhatsApp"
4    android:versionCode="1"
5    android:versionName="1.0" >
6
7    <uses-sdk
8        android:minSdkVersion="22"
8-->src\main\AndroidManifest.xml
9        android:targetSdkVersion="33" />
9-->src\main\AndroidManifest.xml
10
11    <uses-permission android:name="android.permission.INTERNET" />
11-->[com.google.android.gms:play-services-measurement-api:21.2.0] AndroidManifest.xml:22:5-67
11-->[com.google.android.gms:play-services-measurement-api:21.2.0] AndroidManifest.xml:22:22-64
12    <uses-permission android:name="android.permission.ACCESS_NETWORK_STATE" />
12-->[com.google.android.gms:play-services-measurement-api:21.2.0] AndroidManifest.xml:23:5-79
12-->[com.google.android.gms:play-services-measurement-api:21.2.0] AndroidManifest.xml:23:22-76
13    <uses-permission android:name="android.permission.WAKE_LOCK" />
13-->[com.google.android.gms:play-services-measurement-api:21.2.0] AndroidManifest.xml:24:5-68
13-->[com.google.android.gms:play-services-measurement-api:21.2.0] AndroidManifest.xml:24:22-65
14    <uses-permission android:name="com.google.android.gms.permission.AD_ID" />
14-->[com.google.android.gms:play-services-measurement-api:21.2.0] AndroidManifest.xml:25:5-79
14-->[com.google.android.gms:play-services-measurement-api:21.2.0] AndroidManifest.xml:25:22-76
15    <uses-permission android:name="com.google.android.finsky.permission.BIND_GET_INSTALL_REFERRER_SERVICE" />
15-->[com.google.android.gms:play-services-measurement:21.2.0] AndroidManifest.xml:26:5-110
15-->[com.google.android.gms:play-services-measurement:21.2.0] AndroidManifest.xml:26:22-107
16
17    <permission
17-->[androidx.core:core:1.9.0] AndroidManifest.xml:22:5-24:47
18        android:name="com.pdg.WhatsApp.DYNAMIC_RECEIVER_NOT_EXPORTED_PERMISSION"
18-->[androidx.core:core:1.9.0] AndroidManifest.xml:23:9-81
19        android:protectionLevel="signature" />
19-->[androidx.core:core:1.9.0] AndroidManifest.xml:24:9-44
20
21    <uses-permission android:name="com.pdg.WhatsApp.DYNAMIC_RECEIVER_NOT_EXPORTED_PERMISSION" />
21-->[androidx.core:core:1.9.0] AndroidManifest.xml:26:5-97
21-->[androidx.core:core:1.9.0] AndroidManifest.xml:26:22-94
22
23    <application
23-->src\main\AndroidManifest.xml:5:5-35:19
24        android:name="com.pdg.WhatsApp.app.MyApplication"
24-->src\main\AndroidManifest.xml:6:9-42
25        android:allowBackup="true"
25-->src\main\AndroidManifest.xml:7:9-35
26        android:appComponentFactory="androidx.core.app.CoreComponentFactory"
26-->[androidx.core:core:1.9.0] AndroidManifest.xml:28:18-86
27        android:dataExtractionRules="@xml/data_extraction_rules"
27-->src\main\AndroidManifest.xml:8:9-65
28        android:debuggable="true"
29        android:fullBackupContent="@xml/backup_rules"
29-->src\main\AndroidManifest.xml:9:9-54
30        android:icon="@mipmap/icono_app"
30-->src\main\AndroidManifest.xml:10:9-41
31        android:label="@string/app_name"
31-->src\main\AndroidManifest.xml:11:9-41
32        android:supportsRtl="true"
32-->src\main\AndroidManifest.xml:12:9-35
33        android:testOnly="true"
34        android:theme="@style/Theme.AppCompat.Light.NoActionBar" >
34-->src\main\AndroidManifest.xml:13:9-65
35        <activity
35-->src\main\AndroidManifest.xml:15:9-24:20
36            android:name="com.pdg.WhatsApp.activities.SplashActivity"
36-->src\main\AndroidManifest.xml:16:13-54
37            android:exported="true"
37-->src\main\AndroidManifest.xml:17:13-36
38            android:theme="@style/SplashScreen" >
38-->src\main\AndroidManifest.xml:18:13-48
39            <intent-filter>
39-->src\main\AndroidManifest.xml:19:13-23:29
40                <action android:name="android.intent.action.MAIN" />
40-->src\main\AndroidManifest.xml:20:17-69
40-->src\main\AndroidManifest.xml:20:25-66
41
42                <category android:name="android.intent.category.LAUNCHER" />
42-->src\main\AndroidManifest.xml:22:17-77
42-->src\main\AndroidManifest.xml:22:27-74
43            </intent-filter>
44        </activity>
45        <activity
45-->src\main\AndroidManifest.xml:25:9-27:40
46            android:name="com.pdg.WhatsApp.activities.Chat"
46-->src\main\AndroidManifest.xml:26:13-44
47            android:exported="false" />
47-->src\main\AndroidManifest.xml:27:13-37
48        <activity
48-->src\main\AndroidManifest.xml:28:9-31:20
49            android:name="com.pdg.WhatsApp.activities.InicioDeSesion"
49-->src\main\AndroidManifest.xml:29:13-54
50            android:exported="true" >
50-->src\main\AndroidManifest.xml:30:13-36
51        </activity>
52        <activity
52-->src\main\AndroidManifest.xml:32:9-34:39
53            android:name="com.pdg.WhatsApp.activities.MainActivity"
53-->src\main\AndroidManifest.xml:33:13-52
54            android:exported="true" />
54-->src\main\AndroidManifest.xml:34:13-36
55
56        <service
56-->[com.google.android.gms:play-services-measurement-api:21.2.0] AndroidManifest.xml:28:9-34:19
57            android:name="com.google.firebase.components.ComponentDiscoveryService"
57-->[com.google.android.gms:play-services-measurement-api:21.2.0] AndroidManifest.xml:29:13-84
58            android:directBootAware="true"
58-->[com.google.firebase:firebase-common:20.3.0] AndroidManifest.xml:34:13-43
59            android:exported="false" >
59-->[com.google.android.gms:play-services-measurement-api:21.2.0] AndroidManifest.xml:30:13-37
60            <meta-data
60-->[com.google.android.gms:play-services-measurement-api:21.2.0] AndroidManifest.xml:31:13-33:85
61                android:name="com.google.firebase.components:com.google.firebase.analytics.connector.internal.AnalyticsConnectorRegistrar"
61-->[com.google.android.gms:play-services-measurement-api:21.2.0] AndroidManifest.xml:32:17-139
62                android:value="com.google.firebase.components.ComponentRegistrar" />
62-->[com.google.android.gms:play-services-measurement-api:21.2.0] AndroidManifest.xml:33:17-82
63            <meta-data
63-->[com.google.firebase:firebase-installations:17.1.0] AndroidManifest.xml:17:13-19:85
64                android:name="com.google.firebase.components:com.google.firebase.installations.FirebaseInstallationsRegistrar"
64-->[com.google.firebase:firebase-installations:17.1.0] AndroidManifest.xml:18:17-127
65                android:value="com.google.firebase.components.ComponentRegistrar" />
65-->[com.google.firebase:firebase-installations:17.1.0] AndroidManifest.xml:19:17-82
66        </service>
67
68        <provider
68-->[com.google.firebase:firebase-common:20.3.0] AndroidManifest.xml:25:9-30:39
69            android:name="com.google.firebase.provider.FirebaseInitProvider"
69-->[com.google.firebase:firebase-common:20.3.0] AndroidManifest.xml:26:13-77
70            android:authorities="com.pdg.WhatsApp.firebaseinitprovider"
70-->[com.google.firebase:firebase-common:20.3.0] AndroidManifest.xml:27:13-72
71            android:directBootAware="true"
71-->[com.google.firebase:firebase-common:20.3.0] AndroidManifest.xml:28:13-43
72            android:exported="false"
72-->[com.google.firebase:firebase-common:20.3.0] AndroidManifest.xml:29:13-37
73            android:initOrder="100" />
73-->[com.google.firebase:firebase-common:20.3.0] AndroidManifest.xml:30:13-36
74
75        <receiver
75-->[com.google.android.gms:play-services-measurement:21.2.0] AndroidManifest.xml:29:9-33:20
76            android:name="com.google.android.gms.measurement.AppMeasurementReceiver"
76-->[com.google.android.gms:play-services-measurement:21.2.0] AndroidManifest.xml:30:13-85
77            android:enabled="true"
77-->[com.google.android.gms:play-services-measurement:21.2.0] AndroidManifest.xml:31:13-35
78            android:exported="false" >
78-->[com.google.android.gms:play-services-measurement:21.2.0] AndroidManifest.xml:32:13-37
79        </receiver>
80
81        <service
81-->[com.google.android.gms:play-services-measurement:21.2.0] AndroidManifest.xml:35:9-38:40
82            android:name="com.google.android.gms.measurement.AppMeasurementService"
82-->[com.google.android.gms:play-services-measurement:21.2.0] AndroidManifest.xml:36:13-84
83            android:enabled="true"
83-->[com.google.android.gms:play-services-measurement:21.2.0] AndroidManifest.xml:37:13-35
84            android:exported="false" />
84-->[com.google.android.gms:play-services-measurement:21.2.0] AndroidManifest.xml:38:13-37
85        <service
85-->[com.google.android.gms:play-services-measurement:21.2.0] AndroidManifest.xml:39:9-43:72
86            android:name="com.google.android.gms.measurement.AppMeasurementJobService"
86-->[com.google.android.gms:play-services-measurement:21.2.0] AndroidManifest.xml:40:13-87
87            android:enabled="true"
87-->[com.google.android.gms:play-services-measurement:21.2.0] AndroidManifest.xml:41:13-35
88            android:exported="false"
88-->[com.google.android.gms:play-services-measurement:21.2.0] AndroidManifest.xml:42:13-37
89            android:permission="android.permission.BIND_JOB_SERVICE" />
89-->[com.google.android.gms:play-services-measurement:21.2.0] AndroidManifest.xml:43:13-69
90
91        <meta-data
91-->[com.google.android.gms:play-services-basement:18.1.0] AndroidManifest.xml:21:9-23:69
92            android:name="com.google.android.gms.version"
92-->[com.google.android.gms:play-services-basement:18.1.0] AndroidManifest.xml:22:13-58
93            android:value="@integer/google_play_services_version" />
93-->[com.google.android.gms:play-services-basement:18.1.0] AndroidManifest.xml:23:13-66
94
95        <provider
95-->[androidx.emoji2:emoji2:1.2.0] AndroidManifest.xml:24:9-32:20
96            android:name="androidx.startup.InitializationProvider"
96-->[androidx.emoji2:emoji2:1.2.0] AndroidManifest.xml:25:13-67
97            android:authorities="com.pdg.WhatsApp.androidx-startup"
97-->[androidx.emoji2:emoji2:1.2.0] AndroidManifest.xml:26:13-68
98            android:exported="false" >
98-->[androidx.emoji2:emoji2:1.2.0] AndroidManifest.xml:27:13-37
99            <meta-data
99-->[androidx.emoji2:emoji2:1.2.0] AndroidManifest.xml:29:13-31:52
100                android:name="androidx.emoji2.text.EmojiCompatInitializer"
100-->[androidx.emoji2:emoji2:1.2.0] AndroidManifest.xml:30:17-75
101                android:value="androidx.startup" />
101-->[androidx.emoji2:emoji2:1.2.0] AndroidManifest.xml:31:17-49
102            <meta-data
102-->[androidx.lifecycle:lifecycle-process:2.4.1] AndroidManifest.xml:31:13-33:52
103                android:name="androidx.lifecycle.ProcessLifecycleInitializer"
103-->[androidx.lifecycle:lifecycle-process:2.4.1] AndroidManifest.xml:32:17-78
104                android:value="androidx.startup" />
104-->[androidx.lifecycle:lifecycle-process:2.4.1] AndroidManifest.xml:33:17-49
105        </provider>
106    </application>
107
108</manifest>